A D/a-speedway////
A D/aalborg////
A D/dirt////
A D/dirt-1////
A D/dirt-2////
A D/dirt-3////
A D/dirt-4////
A D/dirt-5////
A D/dirt-6////
A D/e-track-1////
A D/e-track-2////
A D/e-track-3////
A D/e-track-4////
A D/e-track-5////
A D/e-track-6////
A D/eroad////
A D/g-track-1////
A D/michigan////
A D/mixed-1////
A D/mixed-2////
A D/oval////
A D/road////
A D/wheel-1////
A D/wheel-2////
R D/wheel-2////
R D/wheel-1////
R D/michigan////
R D/e-track-6////
R D/e-track-3////
R D/dirt-3////
R D/dirt-2////
R D/dirt-1////
