A D/F1////
A D/Historic////
A D/Nascar////
A D/Offroad-4WD-GrA////
A D/Offroad-RWD-GrA////
A D/Track-4WD-GrB////
A D/Track-FWD-GrA////
A D/Track-FWD-GrB////
A D/Track-RWD-GrA////
A D/Track-RWD-GrB////
A D/Track-RWD-GrC////
A D/free////
A D/offroad-r-a////
A D/ow1////
A D/stock1////
A D/torcs-a-b////
A D/torcs-f-a////
A D/torcs-f-b////
A D/torcs-r-a////
A D/torcs-r-b////
A D/torcs-r-c////
A D/trb1////
A D/trb3////
R D/torcs-r-c////
R D/torcs-r-b////
R D/torcs-r-a////
R D/torcs-f-b////
R D/torcs-f-a////
R D/torcs-a-b////
R D/offroad-r-a////
R D/Nascar////
R D/F1////
