A D/K1999////
A D/berniw////
A D/berniw2////
A D/berniw3////
A D/bt////
A D/cylos1////
A D/cylos2////
A D/damned////
A D/human////
A D/inferno////
A D/inferno2////
A D/inferno3////
A D/inferno4////
A D/inferno5////
A D/inferno6////
A D/lliaw////
A D/olethros////
A D/sparkle////
A D/tanhoj////
A D/tita////
A D/tutorial1////
A D/tutorial2////
R D/tutorial2////
R D/tutorial1////
R D/tanhoj////
R D/inferno6////
R D/inferno5////
R D/inferno4////
R D/inferno3////
R D/cylos2////
R D/cylos1////
R D/K1999////
