A D/155-DTM////
A D/206W10////
A D/306W61////
A D/360-modena////
A D/CORW61////
A D/EVOWRC61////
A D/FOCW61////
A D/SWRC62////
A D/acura-nsx-sz////
A D/alpha-156-rk////
A D/baja-bug////
A D/buggy////
A D/car1-ow1////
A D/car1-stock1////
A D/car1-trb1////
A D/car1-trb3////
A D/car2-trb1////
A D/car3-trb1////
A D/car4-trb1////
A D/car5-trb1////
A D/car6-trb1////
A D/car7-trb1////
A D/car8-trb1////
A D/cg-gt-rwd////
A D/cg-nascar-fwd////
A D/cg-nascar-rwd////
A D/clkdtm////
A D/corvette////
A D/gt40////
A D/kc-2000gt////
A D/kc-5300gt////
A D/kc-a110////
A D/kc-alfatz2////
A D/kc-bigh////
A D/kc-cobra////
A D/kc-coda////
A D/kc-conrero////
A D/kc-corvette-ttop////
A D/kc-daytona////
A D/kc-db4z////
A D/kc-dbs////
A D/kc-dino////
A D/kc-ghibli////
A D/kc-giulietta////
A D/kc-grifo////
A D/kc-gt40////
A D/kc-gto////
A D/kc-p4////
A D/lotus-gt1////
A D/mclaren-f1////
A D/p406////
A D/porsche-gt1////
A D/porsche-gt3rs////
A D/pw-206wrc////
A D/pw-306wrc////
A D/pw-corollawrc////
A D/pw-evoviwrc////
A D/pw-evovwrc////
A D/pw-focuswrc////
A D/pw-imprezawrc////
A D/sc-f1////
A D/torcs////
A D/torcs-ev0-fwd////
A D/torcs-ev0-rwd////
A D/viper-gts-r////
A D/vm-x2////
A D/vm-x4////
A D/xj-220////
R D/xj-220////
R D/vm-x4////
R D/vm-x2////
R D/viper-gts-r////
R D/torcs-ev0-rwd////
R D/torcs-ev0-fwd////
R D/torcs////
R D/sc-f1////
R D/pw-evovwrc////
R D/porsche-gt3rs////
R D/porsche-gt1////
R D/mclaren-f1////
R D/lotus-gt1////
R D/gt40////
R D/corvette////
R D/clkdtm////
R D/cg-nascar-rwd////
R D/cg-nascar-fwd////
R D/cg-gt-rwd////
R D/alpha-156-rk////
R D/SWRC62////
R D/FOCW61////
R D/EVOWRC61////
R D/CORW61////
R D/360-modena////
R D/306W61////
R D/206W10////
